CRITICAL - 2020-10-12 11:19:03 --> Invalid file: pages/about.php
#0 D:\Program Files\htdocs\ci4app\vendor\codeigniter4\framework\system\View\View.php(228): CodeIgniter\Exceptions\FrameworkException::forInvalidFile('pages/about.php')
#1 D:\Program Files\htdocs\ci4app\vendor\codeigniter4\framework\system\Common.php(1119): CodeIgniter\View\View->render('pages/about', Array, true)
#2 D:\Program Files\htdocs\ci4app\app\Controllers\Pages.php(22): view('pages/about', Array)
#3 D:\Program Files\htdocs\ci4app\vendor\codeigniter4\framework\system\CodeIgniter.php(918): App\Controllers\Pages->about()
#4 D:\Program Files\htdocs\ci4app\vendor\codeigniter4\framework\system\CodeIgniter.php(404): CodeIgniter\CodeIgniter->runController(Object(App\Controllers\Pages))
#5 D:\Program Files\htdocs\ci4app\vendor\codeigniter4\framework\system\CodeIgniter.php(312): CodeIgniter\CodeIgniter->handleRequest(NULL, Object(Config\Cache), false)
#6 D:\Program Files\htdocs\ci4app\public\index.php(45): CodeIgniter\CodeIgniter->run()
#7 D:\Program Files\htdocs\ci4app\vendor\codeigniter4\framework\system\Commands\Server\rewrite.php(34): require_once('D:\\Program File...')
#8 {main}
CRITICAL - 2020-10-12 11:20:33 --> Invalid file: pages/home.php
#0 D:\Program Files\htdocs\ci4app\vendor\codeigniter4\framework\system\View\View.php(228): CodeIgniter\Exceptions\FrameworkException::forInvalidFile('pages/home.php')
#1 D:\Program Files\htdocs\ci4app\vendor\codeigniter4\framework\system\Common.php(1119): CodeIgniter\View\View->render('pages/home', Array, true)
#2 D:\Program Files\htdocs\ci4app\app\Controllers\Pages.php(13): view('pages/home', Array)
#3 D:\Program Files\htdocs\ci4app\vendor\codeigniter4\framework\system\CodeIgniter.php(918): App\Controllers\Pages->index()
#4 D:\Program Files\htdocs\ci4app\vendor\codeigniter4\framework\system\CodeIgniter.php(404): CodeIgniter\CodeIgniter->runController(Object(App\Controllers\Pages))
#5 D:\Program Files\htdocs\ci4app\vendor\codeigniter4\framework\system\CodeIgniter.php(312): CodeIgniter\CodeIgniter->handleRequest(NULL, Object(Config\Cache), false)
#6 D:\Program Files\htdocs\ci4app\public\index.php(45): CodeIgniter\CodeIgniter->run()
#7 D:\Program Files\htdocs\ci4app\vendor\codeigniter4\framework\system\Commands\Server\rewrite.php(34): require_once('D:\\Program File...')
#8 {main}
CRITICAL - 2020-10-12 11:24:45 --> Invalid file: layout/templates.php
#0 D:\Program Files\htdocs\ci4app\vendor\codeigniter4\framework\system\View\View.php(228): CodeIgniter\Exceptions\FrameworkException::forInvalidFile('layout/template...')
#1 D:\Program Files\htdocs\ci4app\vendor\codeigniter4\framework\system\View\View.php(257): CodeIgniter\View\View->render('layout/template...', Array, true)
#2 D:\Program Files\htdocs\ci4app\vendor\codeigniter4\framework\system\Common.php(1119): CodeIgniter\View\View->render('pages/home', Array, true)
#3 D:\Program Files\htdocs\ci4app\app\Controllers\Pages.php(13): view('pages/home', Array)
#4 D:\Program Files\htdocs\ci4app\vendor\codeigniter4\framework\system\CodeIgniter.php(918): App\Controllers\Pages->index()
#5 D:\Program Files\htdocs\ci4app\vendor\codeigniter4\framework\system\CodeIgniter.php(404): CodeIgniter\CodeIgniter->runController(Object(App\Controllers\Pages))
#6 D:\Program Files\htdocs\ci4app\vendor\codeigniter4\framework\system\CodeIgniter.php(312): CodeIgniter\CodeIgniter->handleRequest(NULL, Object(Config\Cache), false)
#7 D:\Program Files\htdocs\ci4app\public\index.php(45): CodeIgniter\CodeIgniter->run()
#8 D:\Program Files\htdocs\ci4app\vendor\codeigniter4\framework\system\Commands\Server\rewrite.php(34): require_once('D:\\Program File...')
#9 {main}
CRITICAL - 2020-10-12 11:25:09 --> Invalid file: layout/template.php
#0 D:\Program Files\htdocs\ci4app\vendor\codeigniter4\framework\system\View\View.php(228): CodeIgniter\Exceptions\FrameworkException::forInvalidFile('layout/template...')
#1 D:\Program Files\htdocs\ci4app\vendor\codeigniter4\framework\system\View\View.php(257): CodeIgniter\View\View->render('layout/template', Array, true)
#2 D:\Program Files\htdocs\ci4app\vendor\codeigniter4\framework\system\Common.php(1119): CodeIgniter\View\View->render('pages/about', Array, true)
#3 D:\Program Files\htdocs\ci4app\app\Controllers\Pages.php(22): view('pages/about', Array)
#4 D:\Program Files\htdocs\ci4app\vendor\codeigniter4\framework\system\CodeIgniter.php(918): App\Controllers\Pages->about()
#5 D:\Program Files\htdocs\ci4app\vendor\codeigniter4\framework\system\CodeIgniter.php(404): CodeIgniter\CodeIgniter->runController(Object(App\Controllers\Pages))
#6 D:\Program Files\htdocs\ci4app\vendor\codeigniter4\framework\system\CodeIgniter.php(312): CodeIgniter\CodeIgniter->handleRequest(NULL, Object(Config\Cache), false)
#7 D:\Program Files\htdocs\ci4app\public\index.php(45): CodeIgniter\CodeIgniter->run()
#8 D:\Program Files\htdocs\ci4app\vendor\codeigniter4\framework\system\Commands\Server\rewrite.php(34): require_once('D:\\Program File...')
#9 {main}
CRITICAL - 2020-10-12 11:25:17 --> Invalid file: layout/templates.php
#0 D:\Program Files\htdocs\ci4app\vendor\codeigniter4\framework\system\View\View.php(228): CodeIgniter\Exceptions\FrameworkException::forInvalidFile('layout/template...')
#1 D:\Program Files\htdocs\ci4app\vendor\codeigniter4\framework\system\View\View.php(257): CodeIgniter\View\View->render('layout/template...', Array, true)
#2 D:\Program Files\htdocs\ci4app\vendor\codeigniter4\framework\system\Common.php(1119): CodeIgniter\View\View->render('pages/contact', Array, true)
#3 D:\Program Files\htdocs\ci4app\app\Controllers\Pages.php(43): view('pages/contact', Array)
#4 D:\Program Files\htdocs\ci4app\vendor\codeigniter4\framework\system\CodeIgniter.php(918): App\Controllers\Pages->contact()
#5 D:\Program Files\htdocs\ci4app\vendor\codeigniter4\framework\system\CodeIgniter.php(404): CodeIgniter\CodeIgniter->runController(Object(App\Controllers\Pages))
#6 D:\Program Files\htdocs\ci4app\vendor\codeigniter4\framework\system\CodeIgniter.php(312): CodeIgniter\CodeIgniter->handleRequest(NULL, Object(Config\Cache), false)
#7 D:\Program Files\htdocs\ci4app\public\index.php(45): CodeIgniter\CodeIgniter->run()
#8 D:\Program Files\htdocs\ci4app\vendor\codeigniter4\framework\system\Commands\Server\rewrite.php(34): require_once('D:\\Program File...')
#9 {main}
CRITICAL - 2020-10-12 11:25:36 --> Invalid file: layout/template.php
#0 D:\Program Files\htdocs\ci4app\vendor\codeigniter4\framework\system\View\View.php(228): CodeIgniter\Exceptions\FrameworkException::forInvalidFile('layout/template...')
#1 D:\Program Files\htdocs\ci4app\vendor\codeigniter4\framework\system\View\View.php(257): CodeIgniter\View\View->render('layout/template', Array, true)
#2 D:\Program Files\htdocs\ci4app\vendor\codeigniter4\framework\system\Common.php(1119): CodeIgniter\View\View->render('pages/about', Array, true)
#3 D:\Program Files\htdocs\ci4app\app\Controllers\Pages.php(22): view('pages/about', Array)
#4 D:\Program Files\htdocs\ci4app\vendor\codeigniter4\framework\system\CodeIgniter.php(918): App\Controllers\Pages->about()
#5 D:\Program Files\htdocs\ci4app\vendor\codeigniter4\framework\system\CodeIgniter.php(404): CodeIgniter\CodeIgniter->runController(Object(App\Controllers\Pages))
#6 D:\Program Files\htdocs\ci4app\vendor\codeigniter4\framework\system\CodeIgniter.php(312): CodeIgniter\CodeIgniter->handleRequest(NULL, Object(Config\Cache), false)
#7 D:\Program Files\htdocs\ci4app\public\index.php(45): CodeIgniter\CodeIgniter->run()
#8 D:\Program Files\htdocs\ci4app\vendor\codeigniter4\framework\system\Commands\Server\rewrite.php(34): require_once('D:\\Program File...')
#9 {main}
CRITICAL - 2020-10-12 11:33:02 --> Invalid file: layout/templates.php
#0 D:\Program Files\htdocs\ci4app\vendor\codeigniter4\framework\system\View\View.php(228): CodeIgniter\Exceptions\FrameworkException::forInvalidFile('layout/template...')
#1 D:\Program Files\htdocs\ci4app\vendor\codeigniter4\framework\system\View\View.php(257): CodeIgniter\View\View->render('layout/template...', Array, true)
#2 D:\Program Files\htdocs\ci4app\vendor\codeigniter4\framework\system\Common.php(1119): CodeIgniter\View\View->render('pages/contact', Array, true)
#3 D:\Program Files\htdocs\ci4app\app\Controllers\Pages.php(43): view('pages/contact', Array)
#4 D:\Program Files\htdocs\ci4app\vendor\codeigniter4\framework\system\CodeIgniter.php(918): App\Controllers\Pages->contact()
#5 D:\Program Files\htdocs\ci4app\vendor\codeigniter4\framework\system\CodeIgniter.php(404): CodeIgniter\CodeIgniter->runController(Object(App\Controllers\Pages))
#6 D:\Program Files\htdocs\ci4app\vendor\codeigniter4\framework\system\CodeIgniter.php(312): CodeIgniter\CodeIgniter->handleRequest(NULL, Object(Config\Cache), false)
#7 D:\Program Files\htdocs\ci4app\public\index.php(45): CodeIgniter\CodeIgniter->run()
#8 D:\Program Files\htdocs\ci4app\vendor\codeigniter4\framework\system\Commands\Server\rewrite.php(34): require_once('D:\\Program File...')
#9 {main}
